0 info it worked if it ends with ok
1 verbose cli [ '/usr/bin/nodejs',
1 verbose cli   '/usr/bin/npm',
1 verbose cli   'install',
1 verbose cli   'gulp-sourcemaps@3.10.8' ]
2 info using npm@2.15.11
3 info using node@v4.7.0
4 verbose install initial load of /var/www/html/portfolio/package.json
5 verbose installManyTop reading scoped package data from /var/www/html/portfolio/node_modules/gulp/package.json
6 verbose installManyTop reading scoped package data from /var/www/html/portfolio/node_modules/gulp-autoprefixer/package.json
7 verbose installManyTop reading scoped package data from /var/www/html/portfolio/node_modules/gulp-clean-css/package.json
8 verbose installManyTop reading scoped package data from /var/www/html/portfolio/node_modules/gulp-rename/package.json
9 verbose installManyTop reading scoped package data from /var/www/html/portfolio/node_modules/gulp-sass/package.json
10 verbose installManyTop reading scoped package data from /var/www/html/portfolio/node_modules/gulp-sourcemaps/package.json
11 verbose installManyTop reading scoped package data from /var/www/html/portfolio/node_modules/sassdoc/package.json
12 info package.json gulp-rename@1.2.2 No license field.
13 verbose readDependencies loading dependencies from /var/www/html/portfolio/package.json
14 silly cache add args [ 'gulp-sourcemaps@3.10.8', null ]
15 verbose cache add spec gulp-sourcemaps@3.10.8
16 silly cache add parsed spec Result {
16 silly cache add   raw: 'gulp-sourcemaps@3.10.8',
16 silly cache add   scope: null,
16 silly cache add   name: 'gulp-sourcemaps',
16 silly cache add   rawSpec: '3.10.8',
16 silly cache add   spec: '3.10.8',
16 silly cache add   type: 'version' }
17 silly addNamed gulp-sourcemaps@3.10.8
18 verbose addNamed "3.10.8" is a plain semver version for gulp-sourcemaps
19 silly mapToRegistry name gulp-sourcemaps
20 silly mapToRegistry using default registry
21 silly mapToRegistry registry https://registry.npmjs.org/
22 silly mapToRegistry data Result {
22 silly mapToRegistry   raw: 'gulp-sourcemaps',
22 silly mapToRegistry   scope: null,
22 silly mapToRegistry   name: 'gulp-sourcemaps',
22 silly mapToRegistry   rawSpec: '',
22 silly mapToRegistry   spec: 'latest',
22 silly mapToRegistry   type: 'tag' }
23 silly mapToRegistry uri https://registry.npmjs.org/gulp-sourcemaps
24 verbose addNameVersion registry:https://registry.npmjs.org/gulp-sourcemaps not in flight; fetching
25 verbose request uri https://registry.npmjs.org/gulp-sourcemaps
26 verbose request no auth needed
27 info attempt registry request try #1 at 4:43:14 PM
28 verbose request id 36f389dccd922209
29 verbose etag W/"5840365d-14d4f"
30 verbose lastModified Thu, 01 Dec 2016 14:40:29 GMT
31 http request GET https://registry.npmjs.org/gulp-sourcemaps
32 http 304 https://registry.npmjs.org/gulp-sourcemaps
33 verbose headers { date: 'Fri, 16 Dec 2016 15:43:14 GMT',
33 verbose headers   via: '1.1 varnish',
33 verbose headers   'cache-control': 'max-age=300',
33 verbose headers   etag: 'W/"5840365d-14d4f"',
33 verbose headers   age: '129',
33 verbose headers   connection: 'keep-alive',
33 verbose headers   'x-served-by': 'cache-bma7022-BMA',
33 verbose headers   'x-cache': 'HIT',
33 verbose headers   'x-cache-hits': '1',
33 verbose headers   'x-timer': 'S1481902994.438231,VS0,VE0',
33 verbose headers   vary: 'Accept-Encoding' }
34 silly get cb [ 304,
34 silly get   { date: 'Fri, 16 Dec 2016 15:43:14 GMT',
34 silly get     via: '1.1 varnish',
34 silly get     'cache-control': 'max-age=300',
34 silly get     etag: 'W/"5840365d-14d4f"',
34 silly get     age: '129',
34 silly get     connection: 'keep-alive',
34 silly get     'x-served-by': 'cache-bma7022-BMA',
34 silly get     'x-cache': 'HIT',
34 silly get     'x-cache-hits': '1',
34 silly get     'x-timer': 'S1481902994.438231,VS0,VE0',
34 silly get     vary: 'Accept-Encoding' } ]
35 verbose etag https://registry.npmjs.org/gulp-sourcemaps from cache
36 verbose get saving gulp-sourcemaps to /root/.npm/registry.npmjs.org/gulp-sourcemaps/.cache.json
37 verbose correctMkdir /root/.npm correctMkdir not in flight; initializing
38 verbose stack Error: version not found: gulp-sourcemaps@3.10.8
38 verbose stack     at setData (/usr/lib/node_modules/npm/lib/cache/add-named.js:137:12)
38 verbose stack     at RES (/usr/lib/node_modules/npm/node_modules/inflight/inflight.js:23:14)
38 verbose stack     at f (/usr/lib/node_modules/npm/node_modules/once/once.js:25:25)
38 verbose stack     at fixName (/usr/lib/node_modules/npm/lib/cache/add-named.js:29:5)
38 verbose stack     at saved (/usr/lib/node_modules/npm/lib/cache/caching-client.js:173:7)
38 verbose stack     at /usr/lib/node_modules/npm/node_modules/graceful-fs/polyfills.js:233:18
38 verbose stack     at FSReqWrap.oncomplete (fs.js:82:15)
39 verbose statusCode 404
40 verbose cwd /var/www/html/portfolio
41 error Linux 4.4.0-53-generic
42 error argv "/usr/bin/nodejs" "/usr/bin/npm" "install" "gulp-sourcemaps@3.10.8"
43 error node v4.7.0
44 error npm  v2.15.11
45 error version not found: gulp-sourcemaps@3.10.8
46 error If you need help, you may report this error at:
46 error     <https://github.com/npm/npm/issues>
47 verbose exit [ 1, true ]
